0 info it worked if it ends with ok
1 verbose cli [ '/usr/local/bin/node', '/usr/local/bin/npm', 'publish' ]
2 info using npm@3.5.2
3 info using node@v5.0.0
4 verbose publish [ '.' ]
5 silly cache add args [ '.', null ]
6 verbose cache add spec .
7 silly cache add parsed spec Result {
7 silly cache add   raw: '.',
7 silly cache add   scope: null,
7 silly cache add   name: null,
7 silly cache add   rawSpec: '.',
7 silly cache add   spec: '/Users/jgladch/projects/node-lichess',
7 silly cache add   type: 'directory' }
8 verbose addLocalDirectory /Users/jgladch/.npm/node-lichess/1.0.0/package.tgz not in flight; packing
9 info lifecycle node-lichess@1.0.0~prepublish: node-lichess@1.0.0
10 silly lifecycle node-lichess@1.0.0~prepublish: no script for prepublish, continuing
11 verbose tar pack [ '/Users/jgladch/.npm/node-lichess/1.0.0/package.tgz',
11 verbose tar pack   '/Users/jgladch/projects/node-lichess' ]
12 verbose tarball /Users/jgladch/.npm/node-lichess/1.0.0/package.tgz
13 verbose folder /Users/jgladch/projects/node-lichess
14 verbose addLocalTarball adding from inside cache /Users/jgladch/.npm/node-lichess/1.0.0/package.tgz
15 silly cache afterAdd node-lichess@1.0.0
16 verbose afterAdd /Users/jgladch/.npm/node-lichess/1.0.0/package/package.json not in flight; writing
17 verbose afterAdd /Users/jgladch/.npm/node-lichess/1.0.0/package/package.json written
18 silly publish { name: 'node-lichess',
18 silly publish   version: '1.0.0',
18 silly publish   description: '#### API Convenience wrapper for the Lichess.org API',
18 silly publish   main: 'index.js',
18 silly publish   scripts: { test: 'echo "Error: no test specified" && exit 1' },
18 silly publish   author: { name: 'Jeff Gladchun', email: 'jeffgladchun@gmail.com' },
18 silly publish   repository:
18 silly publish    { type: 'git',
18 silly publish      url: 'git+https://github.com/jgladch/node-lichess.git' },
18 silly publish   license: 'ISC',
18 silly publish   dependencies: { 'babel-preset-es2015': '^6.3.13', lodash: '^3.10.1' },
18 silly publish   readme: '## Node-Lichess\n\n#### API Convenience wrapper for the Lichess.org API\n\n`npm install --save node-lichess`\n\n```\n  import LichessClient from \'node-lichess\';\n  const client = new LichessClient();\n\n  client.getUser(\'jgladch\', {}, (err, user) => {\n    console.log(user);\n  });\n\n  client.getUsersGames(\'jgladch\', {}, (err, games) => {\n    console.log(games);\n  });\n\n  client.getGameById(\'o5tc0OQwiOTR\', {}, (err, game) => {\n    console.log(game);\n  });\n```',
18 silly publish   readmeFilename: 'Readme.md',
18 silly publish   gitHead: '1b18e0a8f4133fccb8bcc1a2310191231af2fe98',
18 silly publish   bugs: { url: 'https://github.com/jgladch/node-lichess/issues' },
18 silly publish   homepage: 'https://github.com/jgladch/node-lichess#readme',
18 silly publish   _id: 'node-lichess@1.0.0',
18 silly publish   _shasum: '70f86974ca673880f788480cf7d6e073da533e14',
18 silly publish   _from: '.' }
19 verbose getPublishConfig undefined
20 silly mapToRegistry name node-lichess
21 silly mapToRegistry using default registry
22 silly mapToRegistry registry https://registry.npmjs.org/
23 silly mapToRegistry uri https://registry.npmjs.org/node-lichess
24 verbose publish registryBase https://registry.npmjs.org/
25 silly publish uploading /Users/jgladch/.npm/node-lichess/1.0.0/package.tgz
26 verbose request uri https://registry.npmjs.org/node-lichess
27 verbose request sending authorization for write operation
28 info attempt registry request try #1 at 9:44:10 PM
29 verbose request id 401f2c1a45c51142
30 http request PUT https://registry.npmjs.org/node-lichess
31 http 403 https://registry.npmjs.org/node-lichess
32 verbose headers { 'content-type': 'application/json',
32 verbose headers   'cache-control': 'max-age=300',
32 verbose headers   'content-length': '95',
32 verbose headers   'accept-ranges': 'bytes',
32 verbose headers   date: 'Fri, 18 Dec 2015 05:44:10 GMT',
32 verbose headers   via: '1.1 varnish',
32 verbose headers   connection: 'keep-alive',
32 verbose headers   'x-served-by': 'cache-lax1430-LAX',
32 verbose headers   'x-cache': 'MISS',
32 verbose headers   'x-cache-hits': '0',
32 verbose headers   'x-timer': 'S1450417450.192863,VS0,VE190' }
33 verbose request invalidating /Users/jgladch/.npm/registry.npmjs.org/node-lichess on PUT
34 error publish Failed PUT 403
35 verbose stack Error: "You cannot publish over the previously published version 1.0.0." : node-lichess
35 verbose stack     at makeError (/usr/local/lib/node_modules/npm/node_modules/npm-registry-client/lib/request.js:264:12)
35 verbose stack     at CachingRegistryClient.<anonymous> (/usr/local/lib/node_modules/npm/node_modules/npm-registry-client/lib/request.js:252:14)
35 verbose stack     at Request._callback (/usr/local/lib/node_modules/npm/node_modules/npm-registry-client/lib/request.js:172:14)
35 verbose stack     at Request.self.callback (/usr/local/lib/node_modules/npm/node_modules/request/request.js:198:22)
35 verbose stack     at emitTwo (events.js:87:13)
35 verbose stack     at Request.emit (events.js:172:7)
35 verbose stack     at Request.<anonymous> (/usr/local/lib/node_modules/npm/node_modules/request/request.js:1082:10)
35 verbose stack     at emitOne (events.js:82:20)
35 verbose stack     at Request.emit (events.js:169:7)
35 verbose stack     at IncomingMessage.<anonymous> (/usr/local/lib/node_modules/npm/node_modules/request/request.js:1009:12)
36 verbose statusCode 403
37 verbose pkgid node-lichess
38 verbose cwd /Users/jgladch/projects/node-lichess
39 error Darwin 15.0.0
40 error argv "/usr/local/bin/node" "/usr/local/bin/npm" "publish"
41 error node v5.0.0
42 error npm  v3.5.2
43 error code E403
44 error "You cannot publish over the previously published version 1.0.0." : node-lichess
45 error If you need help, you may report this error at:
45 error     <https://github.com/npm/npm/issues>
46 verbose exit [ 1, true ]
